<?xml version="1.0" encoding="UTF-8"?>
<testsuite name="bc10.jjmn.pom.test.NuevoTest1" tests="1" skipped="0" failures="0" errors="0" timestamp="2022-10-23T03:31:34" hostname="DESKTOP-FKJHR7U" time="21.296">
  <properties/>
  <testcase name="test1()" classname="bc10.jjmn.pom.test.NuevoTest1" time="21.296"/>
  <system-out><![CDATA[]]></system-out>
  <system-err><![CDATA[SLF4J: Failed to load class "org.slf4j.impl.StaticLoggerBinder".
SLF4J: Defaulting to no-operation (NOP) logger implementation
SLF4J: See http://www.slf4j.org/codes.html#StaticLoggerBinder for further details.
Starting ChromeDriver 106.0.5249.61 (511755355844955cd3e264779baf0dd38212a4d0-refs/branch-heads/5249@{#569}) on port 61514
Only local connections are allowed.
Please see https://chromedriver.chromium.org/security-considerations for suggestions on keeping ChromeDriver safe.
ChromeDriver was started successfully.
oct. 23, 2022 12:31:36 A. M. org.openqa.selenium.remote.ProtocolHandshake createSession
INFORMACIÓN: Detected upstream dialect: W3C
oct. 23, 2022 12:31:36 A. M. org.openqa.selenium.devtools.CdpVersionFinder findNearestMatch
ADVERTENCIA: Unable to find an exact match for CDP version 106, so returning the closest version found: 104
oct. 23, 2022 12:31:36 A. M. org.openqa.selenium.devtools.CdpVersionFinder findNearestMatch
INFORMACIÓN: Found CDP implementation for version 106 of 104
[1666495903.767][WARNING]: Timed out connecting to Chrome, retrying...
[1666495911.840][WARNING]: Timed out connecting to Chrome, retrying...
]]></system-err>
</testsuite>
